[0m[0m
[0m[4mc:\cbevins\dev\github\fire-behavior-simulator\src\dag\__tests__\modules.independent.js[24m[0m
[0m    [2m9:17[22m   [31merror[39m    A space is required after '{'                   [2mobject-curly-spacing[22m[0m
[0m    [2m9:72[22m   [31merror[39m    A space is required before '}'                  [2mobject-curly-spacing[22m[0m
[0m   [2m10:19[22m   [31merror[39m    A space is required after '{'                   [2mobject-curly-spacing[22m[0m
[0m   [2m10:100[22m  [31merror[39m    A space is required before '}'                  [2mobject-curly-spacing[22m[0m
[0m   [2m11:19[22m   [31merror[39m    A space is required after '{'                   [2mobject-curly-spacing[22m[0m
[0m   [2m11:73[22m   [31merror[39m    A space is required before '}'                  [2mobject-curly-spacing[22m[0m
[0m   [2m12:17[22m   [31merror[39m    A space is required after '{'                   [2mobject-curly-spacing[22m[0m
[0m   [2m12:57[22m   [31merror[39m    A space is required before '}'                  [2mobject-curly-spacing[22m[0m
[0m   [2m13:17[22m   [31merror[39m    A space is required after '{'                   [2mobject-curly-spacing[22m[0m
[0m   [2m13:68[22m   [31merror[39m    A space is required before '}'                  [2mobject-curly-spacing[22m[0m
[0m   [2m14:19[22m   [31merror[39m    A space is required after '{'                   [2mobject-curly-spacing[22m[0m
[0m   [2m14:74[22m   [31merror[39m    A space is required before '}'                  [2mobject-curly-spacing[22m[0m
[0m   [2m15:19[22m   [31merror[39m    A space is required after '{'                   [2mobject-curly-spacing[22m[0m
[0m   [2m15:60[22m   [31merror[39m    A space is required before '}'                  [2mobject-curly-spacing[22m[0m
[0m   [2m16:20[22m   [31merror[39m    A space is required after '{'                   [2mobject-curly-spacing[22m[0m
[0m   [2m16:61[22m   [31merror[39m    A space is required before '}'                  [2mobject-curly-spacing[22m[0m
[0m   [2m17:21[22m   [31merror[39m    A space is required after '{'                   [2mobject-curly-spacing[22m[0m
[0m   [2m17:66[22m   [31merror[39m    A space is required before '}'                  [2mobject-curly-spacing[22m[0m
[0m   [2m18:16[22m   [31merror[39m    A space is required after '{'                   [2mobject-curly-spacing[22m[0m
[0m   [2m18:87[22m   [31merror[39m    A space is required before '}'                  [2mobject-curly-spacing[22m[0m
[0m   [2m19:27[22m   [31merror[39m    A space is required after '{'                   [2mobject-curly-spacing[22m[0m
[0m   [2m19:61[22m   [31merror[39m    A space is required before '}'                  [2mobject-curly-spacing[22m[0m
[0m   [2m20:12[22m   [31merror[39m    A space is required after '{'                   [2mobject-curly-spacing[22m[0m
[0m   [2m20:42[22m   [31merror[39m    A space is required before '}'                  [2mobject-curly-spacing[22m[0m
[0m   [2m21:16[22m   [31merror[39m    A space is required after '{'                   [2mobject-curly-spacing[22m[0m
[0m   [2m21:49[22m   [31merror[39m    A space is required before '}'                  [2mobject-curly-spacing[22m[0m
[0m   [2m22:18[22m   [31merror[39m    A space is required after '{'                   [2mobject-curly-spacing[22m[0m
[0m   [2m22:55[22m   [31merror[39m    A space is required before '}'                  [2mobject-curly-spacing[22m[0m
[0m   [2m23:16[22m   [31merror[39m    A space is required after '{'                   [2mobject-curly-spacing[22m[0m
[0m   [2m23:51[22m   [31merror[39m    A space is required before '}'                  [2mobject-curly-spacing[22m[0m
[0m   [2m24:15[22m   [31merror[39m    A space is required after '{'                   [2mobject-curly-spacing[22m[0m
[0m   [2m24:49[22m   [31merror[39m    A space is required before '}'                  [2mobject-curly-spacing[22m[0m
[0m   [2m25:20[22m   [31merror[39m    A space is required after '{'                   [2mobject-curly-spacing[22m[0m
[0m   [2m25:59[22m   [31merror[39m    A space is required before '}'                  [2mobject-curly-spacing[22m[0m
[0m   [2m26:17[22m   [31merror[39m    A space is required after '{'                   [2mobject-curly-spacing[22m[0m
[0m   [2m26:53[22m   [31merror[39m    A space is required before '}'                  [2mobject-curly-spacing[22m[0m
[0m   [2m27:19[22m   [31merror[39m    A space is required after '{'                   [2mobject-curly-spacing[22m[0m
[0m   [2m27:57[22m   [31merror[39m    A space is required before '}'                  [2mobject-curly-spacing[22m[0m
[0m   [2m28:23[22m   [31merror[39m    A space is required after '{'                   [2mobject-curly-spacing[22m[0m
[0m   [2m28:65[22m   [31merror[39m    A space is required before '}'                  [2mobject-curly-spacing[22m[0m
[0m   [2m29:16[22m   [31merror[39m    A space is required after '{'                   [2mobject-curly-spacing[22m[0m
[0m   [2m29:69[22m   [31merror[39m    A space is required before '}'                  [2mobject-curly-spacing[22m[0m
[0m   [2m29:71[22m   [31merror[39m    Unexpected trailing comma                       [2mcomma-dangle[22m[0m
[0m   [2m49:7[22m    [31merror[39m    'inputs' is assigned a value but never used     [2mno-unused-vars[22m[0m
[0m   [2m99:7[22m    [31merror[39m    'nodeCount' is assigned a value but never used  [2mno-unused-vars[22m[0m
[0m  [2m101:28[22m   [31merror[39m    Missing space before function parentheses       [2mspace-before-function-paren[22m[0m
[0m  [2m105:5[22m    [31merror[39m    Expected space(s) after "for"                   [2mkeyword-spacing[22m[0m
[0m  [2m105:16[22m   [31merror[39m    Operator '=' must be spaced                     [2mspace-infix-ops[22m[0m
[0m  [2m105:23[22m   [31merror[39m    Operator '<' must be spaced                     [2mspace-infix-ops[22m[0m
[0m  [2m126:37[22m   [33mwarning[39m  Use toHaveLength() instead                      [2mjest/prefer-to-have-length[22m[0m
[0m  [2m133:5[22m    [31merror[39m    'str' is assigned a value but never used        [2mno-unused-vars[22m[0m
[0m  [2m149:37[22m   [33mwarning[39m  Use toHaveLength() instead                      [2mjest/prefer-to-have-length[22m[0m
[0m  [2m149:62[22m   [31merror[39m    Block must not be padded by blank lines         [2mpadded-blocks[22m[0m
[0m  [2m153:1[22m    [31merror[39m    Use "test.skip" instead                         [2mjest/no-test-prefixes[22m[0m
[0m  [2m153:1[22m    [33mwarning[39m  Disabled test                                   [2mjest/no-disabled-tests[22m[0m
[0m  [2m165:1[22m    [31merror[39m    Use "test.skip" instead                         [2mjest/no-test-prefixes[22m[0m
[0m  [2m165:1[22m    [33mwarning[39m  Disabled test                                   [2mjest/no-disabled-tests[22m[0m
[0m  [2m176:10[22m   [31merror[39m    'enabledNodes' is not defined                   [2mno-undef[22m[0m
[0m  [2m176:36[22m   [33mwarning[39m  Use toHaveLength() instead                      [2mjest/prefer-to-have-length[22m[0m
[0m  [2m183:10[22m   [31merror[39m    'enabledNodes' is not defined                   [2mno-undef[22m[0m
[0m  [2m183:36[22m   [33mwarning[39m  Use toHaveLength() instead                      [2mjest/prefer-to-have-length[22m[0m
[0m  [2m191:10[22m   [31merror[39m    'enabledNodes' is not defined                   [2mno-undef[22m[0m
[0m  [2m191:36[22m   [33mwarning[39m  Use toHaveLength() instead                      [2mjest/prefer-to-have-length[22m[0m
[0m  [2m200:10[22m   [31merror[39m    'enabledNodes' is not defined                   [2mno-undef[22m[0m
[0m  [2m200:36[22m   [33mwarning[39m  Use toHaveLength() instead                      [2mjest/prefer-to-have-length[22m[0m
[0m  [2m212:10[22m   [31merror[39m    'enabledNodes' is not defined                   [2mno-undef[22m[0m
[0m  [2m212:36[22m   [33mwarning[39m  Use toHaveLength() instead                      [2mjest/prefer-to-have-length[22m[0m
[0m  [2m225:10[22m   [31merror[39m    'enabledNodes' is not defined                   [2mno-undef[22m[0m
[0m  [2m225:36[22m   [33mwarning[39m  Use toHaveLength() instead                      [2mjest/prefer-to-have-length[22m[0m
[0m  [2m240:10[22m   [31merror[39m    'enabledNodes' is not defined                   [2mno-undef[22m[0m
[0m  [2m240:36[22m   [33mwarning[39m  Use toHaveLength() instead                      [2mjest/prefer-to-have-length[22m[0m
[0m  [2m256:10[22m   [31merror[39m    'enabledNodes' is not defined                   [2mno-undef[22m[0m
[0m  [2m256:36[22m   [33mwarning[39m  Use toHaveLength() instead                      [2mjest/prefer-to-have-length[22m[0m
[0m  [2m274:10[22m   [31merror[39m    'enabledNodes' is not defined                   [2mno-undef[22m[0m
[0m  [2m274:36[22m   [33mwarning[39m  Use toHaveLength() instead                      [2mjest/prefer-to-have-length[22m[0m
[0m  [2m293:10[22m   [31merror[39m    'enabledNodes' is not defined                   [2mno-undef[22m[0m
[0m  [2m293:36[22m   [33mwarning[39m  Use toHaveLength() instead                      [2mjest/prefer-to-have-length[22m[0m
[0m  [2m314:10[22m   [31merror[39m    'enabledNodes' is not defined                   [2mno-undef[22m[0m
[0m  [2m314:36[22m   [33mwarning[39m  Use toHaveLength() instead                      [2mjest/prefer-to-have-length[22m[0m
[0m  [2m318:10[22m   [31merror[39m    'enabledNodes' is not defined                   [2mno-undef[22m[0m
[0m  [2m318:36[22m   [33mwarning[39m  Use toHaveLength() instead                      [2mjest/prefer-to-have-length[22m[0m
[0m  [2m322:10[22m   [31merror[39m    'enabledNodes' is not defined                   [2mno-undef[22m[0m
[0m  [2m322:36[22m   [33mwarning[39m  Use toHaveLength() instead                      [2mjest/prefer-to-have-length[22m[0m
[0m  [2m328:10[22m   [31merror[39m    'enabledNodes' is not defined                   [2mno-undef[22m[0m
[0m  [2m328:36[22m   [33mwarning[39m  Use toHaveLength() instead                      [2mjest/prefer-to-have-length[22m[0m
[0m  [2m332:10[22m   [31merror[39m    'enabledNodes' is not defined                   [2mno-undef[22m[0m
[0m  [2m332:36[22m   [33mwarning[39m  Use toHaveLength() instead                      [2mjest/prefer-to-have-length[22m[0m
[0m  [2m343:10[22m   [31merror[39m    'enabledNodes' is not defined                   [2mno-undef[22m[0m
[0m  [2m343:36[22m   [33mwarning[39m  Use toHaveLength() instead                      [2mjest/prefer-to-have-length[22m[0m
[0m  [2m354:10[22m   [31merror[39m    'enabledNodes' is not defined                   [2mno-undef[22m[0m
[0m  [2m354:36[22m   [33mwarning[39m  Use toHaveLength() instead                      [2mjest/prefer-to-have-length[22m[0m
[0m  [2m365:10[22m   [31merror[39m    'enabledNodes' is not defined                   [2mno-undef[22m[0m
[0m  [2m365:36[22m   [33mwarning[39m  Use toHaveLength() instead                      [2mjest/prefer-to-have-length[22m[0m
[0m  [2m376:10[22m   [31merror[39m    'enabledNodes' is not defined                   [2mno-undef[22m[0m
[0m  [2m376:36[22m   [33mwarning[39m  Use toHaveLength() instead                      [2mjest/prefer-to-have-length[22m[0m
[0m  [2m380:10[22m   [31merror[39m    'enabledNodes' is not defined                   [2mno-undef[22m[0m
[0m  [2m380:36[22m   [33mwarning[39m  Use toHaveLength() instead                      [2mjest/prefer-to-have-length[22m[0m
[0m  [2m384:10[22m   [31merror[39m    'enabledNodes' is not defined                   [2mno-undef[22m[0m
[0m  [2m384:36[22m   [33mwarning[39m  Use toHaveLength() instead                      [2mjest/prefer-to-have-length[22m[0m
[0m  [2m387:1[22m    [31merror[39m    Use "test.skip" instead                         [2mjest/no-test-prefixes[22m[0m
[0m  [2m387:1[22m    [33mwarning[39m  Disabled test                                   [2mjest/no-disabled-tests[22m[0m
[0m  [2m393:10[22m   [31merror[39m    'enabledNodes' is not defined                   [2mno-undef[22m[0m
[0m  [2m393:36[22m   [33mwarning[39m  Use toHaveLength() instead                      [2mjest/prefer-to-have-length[22m[0m
[0m  [2m397:10[22m   [31merror[39m    'enabledNodes' is not defined                   [2mno-undef[22m[0m
[0m  [2m397:36[22m   [33mwarning[39m  Use toHaveLength() instead                      [2mjest/prefer-to-have-length[22m[0m
[0m  [2m401:29[22m   [33mwarning[39m  Use toHaveLength() instead                      [2mjest/prefer-to-have-length[22m[0m
[0m  [2m414:38[22m   [33mwarning[39m  Use toHaveLength() instead                      [2mjest/prefer-to-have-length[22m[0m
[0m  [2m416:29[22m   [33mwarning[39m  Use toHaveLength() instead                      [2mjest/prefer-to-have-length[22m[0m
[0m  [2m423:29[22m   [33mwarning[39m  Use toHaveLength() instead                      [2mjest/prefer-to-have-length[22m[0m
[0m[0m
[0m[31m[1m✖ 109 problems (77 errors, 32 warnings)[22m[39m[0m
[0m[31m[1m[22m[39m[31m[1m  51 errors and 29 warnings potentially fixable with the `--fix` option.[22m[39m[0m
[0m[31m[1m[22m[39m[0m